[ 2017-11-13T08:51:44+08:00 ] 116.226.213.44 /
INFO: [ app_init ] --START--
INFO: Run Behavior\BuildLiteBehavior [ RunTime:0.000024s ]
INFO: [ app_init ] --END-- [ RunTime:0.000321s ]
INFO: [ app_begin ] --START--
INFO: Run Behavior\ReadHtmlCacheBehavior [ RunTime:0.000315s ]
INFO: [ app_begin ] --END-- [ RunTime:0.000349s ]
SQL: SHOW COLUMNS FROM `about` [ RunTime:0.0005s ]
SQL: SELECT * FROM `about` LIMIT 1   [ RunTime:0.0001s ]
SQL: SHOW COLUMNS FROM `copyright` [ RunTime:0.0003s ]
SQL: SELECT * FROM `copyright` LIMIT 1   [ RunTime:0.0000s ]
SQL: SHOW COLUMNS FROM `slideshow` [ RunTime:0.0003s ]
SQL: SELECT * FROM `slideshow` WHERE `is_valid` = 1 ORDER BY id desc  [ RunTime:0.0000s ]
SQL: SHOW COLUMNS FROM `service` [ RunTime:0.0003s ]
SQL: SELECT * FROM `service` WHERE `is_valid` = 1 LIMIT 3   [ RunTime:0.0001s ]
SQL: SELECT * FROM `service` WHERE `is_valid` = 1 AND `id` = 4  [ RunTime:0.0000s ]
SQL: SELECT * FROM `service` WHERE `is_valid` = 1 AND `id` IN ('5',' 6',' 7')  [ RunTime:0.0000s ]
SQL: SELECT * FROM `service` WHERE `is_valid` = 1 AND `id` = 8 ORDER BY id desc  [ RunTime:0.0000s ]
SQL: SHOW COLUMNS FROM `project` [ RunTime:0.0003s ]
SQL: SELECT * FROM `project` WHERE `is_valid` = 1 AND `type_id` = 1 LIMIT 4   [ RunTime:0.0001s ]
SQL: SELECT * FROM `project` WHERE `is_valid` = 1 AND `type_id` = 2 LIMIT 4   [ RunTime:0.0000s ]
SQL: SELECT * FROM `project` WHERE `is_valid` = 1 AND `type_id` = 3 LIMIT 4   [ RunTime:0.0001s ]
SQL: SELECT * FROM `project` WHERE `is_valid` = 1 AND `type_id` = 4 LIMIT 4   [ RunTime:0.0000s ]
SQL: SHOW COLUMNS FROM `flow` [ RunTime:0.0003s ]
SQL: SELECT * FROM `flow` WHERE `is_valid` = 1  [ RunTime:0.0000s ]
SQL: SELECT * FROM `flow` WHERE `is_valid` = 1  [ RunTime:0.0000s ]
SQL: SHOW COLUMNS FROM `new` [ RunTime:0.0003s ]
SQL: SELECT * FROM `new` WHERE `is_valid` = 1 ORDER BY id desc LIMIT 6   [ RunTime:0.0001s ]
INFO: [ view_parse ] --START--
INFO: [ template_filter ] --START--
INFO: Run Behavior\ContentReplaceBehavior [ RunTime:0.000159s ]
INFO: [ template_filter ] --END-- [ RunTime:0.000193s ]
INFO: Run Behavior\ParseTemplateBehavior [ RunTime:0.021254s ]
INFO: [ view_parse ] --END-- [ RunTime:0.021289s ]
INFO: [ view_filter ] --START--
INFO: Run Behavior\WriteHtmlCacheBehavior [ RunTime:0.000150s ]
INFO: [ view_filter ] --END-- [ RunTime:0.000173s ]
INFO: [ app_end ] --START--
INFO: Run Behavior\ShowPageTraceBehavior [ RunTime:0.000305s ]
INFO: [ app_end ] --END-- [ RunTime:0.000351s ]

[ 2017-11-13T08:52:08+08:00 ] 116.226.213.44 /index.php/Home/Case/index.html
INFO: [ app_init ] --START--
INFO: Run Behavior\BuildLiteBehavior [ RunTime:0.000009s ]
INFO: [ app_init ] --END-- [ RunTime:0.000229s ]
INFO: [ app_begin ] --START--
INFO: Run Behavior\ReadHtmlCacheBehavior [ RunTime:0.000308s ]
INFO: [ app_begin ] --END-- [ RunTime:0.000340s ]
SQL: SHOW COLUMNS FROM `about` [ RunTime:0.0005s ]
SQL: SELECT * FROM `about` LIMIT 1   [ RunTime:0.0001s ]
SQL: SHOW COLUMNS FROM `copyright` [ RunTime:0.0002s ]
SQL: SELECT * FROM `copyright` LIMIT 1   [ RunTime:0.0000s ]
SQL: SHOW COLUMNS FROM `project` [ RunTime:0.0003s ]
SQL: SELECT * FROM `project` WHERE `is_valid` = 1  [ RunTime:0.0001s ]
INFO: [ view_parse ] --START--
INFO: [ template_filter ] --START--
INFO: Run Behavior\ContentReplaceBehavior [ RunTime:0.000097s ]
INFO: [ template_filter ] --END-- [ RunTime:0.000127s ]
INFO: Run Behavior\ParseTemplateBehavior [ RunTime:0.013460s ]
INFO: [ view_parse ] --END-- [ RunTime:0.013491s ]
INFO: [ view_filter ] --START--
INFO: Run Behavior\WriteHtmlCacheBehavior [ RunTime:0.000129s ]
INFO: [ view_filter ] --END-- [ RunTime:0.000163s ]
INFO: [ app_end ] --START--
INFO: Run Behavior\ShowPageTraceBehavior [ RunTime:0.000293s ]
INFO: [ app_end ] --END-- [ RunTime:0.000319s ]

[ 2017-11-13T08:52:11+08:00 ] 116.226.213.44 /index.php/Home/Case/index.html
INFO: [ app_init ] --START--
INFO: Run Behavior\BuildLiteBehavior [ RunTime:0.000009s ]
INFO: [ app_init ] --END-- [ RunTime:0.000239s ]
INFO: [ app_begin ] --START--
INFO: Run Behavior\ReadHtmlCacheBehavior [ RunTime:0.000315s ]
INFO: [ app_begin ] --END-- [ RunTime:0.000346s ]
SQL: SHOW COLUMNS FROM `about` [ RunTime:0.0005s ]
SQL: SELECT * FROM `about` LIMIT 1   [ RunTime:0.0001s ]
SQL: SHOW COLUMNS FROM `copyright` [ RunTime:0.0003s ]
SQL: SELECT * FROM `copyright` LIMIT 1   [ RunTime:0.0000s ]
SQL: SHOW COLUMNS FROM `project` [ RunTime:0.0003s ]
SQL: SELECT * FROM `project` WHERE `is_valid` = 1  [ RunTime:0.0001s ]
INFO: [ view_parse ] --START--
INFO: [ template_filter ] --START--
INFO: Run Behavior\ContentReplaceBehavior [ RunTime:0.000097s ]
INFO: [ template_filter ] --END-- [ RunTime:0.000130s ]
INFO: Run Behavior\ParseTemplateBehavior [ RunTime:0.012212s ]
INFO: [ view_parse ] --END-- [ RunTime:0.012245s ]
INFO: [ view_filter ] --START--
INFO: Run Behavior\WriteHtmlCacheBehavior [ RunTime:0.000130s ]
INFO: [ view_filter ] --END-- [ RunTime:0.000154s ]
INFO: [ app_end ] --START--
INFO: Run Behavior\ShowPageTraceBehavior [ RunTime:0.000308s ]
INFO: [ app_end ] --END-- [ RunTime:0.000335s ]

[ 2017-11-13T08:59:22+08:00 ] 116.226.213.44 /index.php/Home/Case/index.html
INFO: [ app_init ] --START--
INFO: Run Behavior\BuildLiteBehavior [ RunTime:0.000011s ]
INFO: [ app_init ] --END-- [ RunTime:0.000244s ]
INFO: [ app_begin ] --START--
INFO: Run Behavior\ReadHtmlCacheBehavior [ RunTime:0.000303s ]
INFO: [ app_begin ] --END-- [ RunTime:0.000335s ]
SQL: SHOW COLUMNS FROM `about` [ RunTime:0.0005s ]
SQL: SELECT * FROM `about` LIMIT 1   [ RunTime:0.0001s ]
SQL: SHOW COLUMNS FROM `copyright` [ RunTime:0.0003s ]
SQL: SELECT * FROM `copyright` LIMIT 1   [ RunTime:0.0000s ]
SQL: SHOW COLUMNS FROM `project` [ RunTime:0.0003s ]
SQL: SELECT * FROM `project` WHERE `is_valid` = 1  [ RunTime:0.0001s ]
INFO: [ view_parse ] --START--
INFO: [ template_filter ] --START--
INFO: Run Behavior\ContentReplaceBehavior [ RunTime:0.000099s ]
INFO: [ template_filter ] --END-- [ RunTime:0.000131s ]
INFO: Run Behavior\ParseTemplateBehavior [ RunTime:0.012126s ]
INFO: [ view_parse ] --END-- [ RunTime:0.012159s ]
INFO: [ view_filter ] --START--
INFO: Run Behavior\WriteHtmlCacheBehavior [ RunTime:0.000129s ]
INFO: [ view_filter ] --END-- [ RunTime:0.000152s ]
INFO: [ app_end ] --START--
INFO: Run Behavior\ShowPageTraceBehavior [ RunTime:0.000302s ]
INFO: [ app_end ] --END-- [ RunTime:0.000331s ]

