[ 2017-11-12T19:02:26+08:00 ] 43.246.229.178 /
INFO: [ app_init ] --START--
INFO: Run Behavior\BuildLiteBehavior [ RunTime:0.000009s ]
INFO: [ app_init ] --END-- [ RunTime:0.000236s ]
INFO: [ app_begin ] --START--
INFO: Run Behavior\ReadHtmlCacheBehavior [ RunTime:0.000294s ]
INFO: [ app_begin ] --END-- [ RunTime:0.000325s ]
SQL: SHOW COLUMNS FROM `about` [ RunTime:0.0005s ]
SQL: SELECT * FROM `about` LIMIT 1   [ RunTime:0.0001s ]
SQL: SHOW COLUMNS FROM `copyright` [ RunTime:0.0003s ]
SQL: SELECT * FROM `copyright` LIMIT 1   [ RunTime:0.0000s ]
SQL: SHOW COLUMNS FROM `slideshow` [ RunTime:0.0003s ]
SQL: SELECT * FROM `slideshow` WHERE `is_valid` = 1 ORDER BY id desc  [ RunTime:0.0000s ]
SQL: SHOW COLUMNS FROM `service` [ RunTime:0.0003s ]
SQL: SELECT * FROM `service` WHERE `is_valid` = 1 LIMIT 3   [ RunTime:0.0000s ]
SQL: SELECT * FROM `service` WHERE `is_valid` = 1 AND `id` = 4  [ RunTime:0.0000s ]
SQL: SELECT * FROM `service` WHERE `is_valid` = 1 AND `id` IN ('5',' 6',' 7')  [ RunTime:0.0000s ]
SQL: SELECT * FROM `service` WHERE `is_valid` = 1 AND `id` = 8 ORDER BY id desc  [ RunTime:0.0000s ]
SQL: SHOW COLUMNS FROM `project` [ RunTime:0.0003s ]
SQL: SELECT * FROM `project` WHERE `is_valid` = 1 AND `type_id` = 1 LIMIT 4   [ RunTime:0.0001s ]
SQL: SELECT * FROM `project` WHERE `is_valid` = 1 AND `type_id` = 2 LIMIT 4   [ RunTime:0.0000s ]
SQL: SELECT * FROM `project` WHERE `is_valid` = 1 AND `type_id` = 3 LIMIT 4   [ RunTime:0.0000s ]
SQL: SELECT * FROM `project` WHERE `is_valid` = 1 AND `type_id` = 4 LIMIT 4   [ RunTime:0.0000s ]
SQL: SHOW COLUMNS FROM `flow` [ RunTime:0.0003s ]
SQL: SELECT * FROM `flow` WHERE `is_valid` = 1  [ RunTime:0.0000s ]
SQL: SELECT * FROM `flow` WHERE `is_valid` = 1  [ RunTime:0.0000s ]
SQL: SHOW COLUMNS FROM `new` [ RunTime:0.0003s ]
SQL: SELECT * FROM `new` WHERE `is_valid` = 1 ORDER BY id desc LIMIT 6   [ RunTime:0.0001s ]
INFO: [ view_parse ] --START--
INFO: [ template_filter ] --START--
INFO: Run Behavior\ContentReplaceBehavior [ RunTime:0.000151s ]
INFO: [ template_filter ] --END-- [ RunTime:0.000184s ]
INFO: Run Behavior\ParseTemplateBehavior [ RunTime:0.019639s ]
INFO: [ view_parse ] --END-- [ RunTime:0.019670s ]
INFO: [ view_filter ] --START--
INFO: Run Behavior\WriteHtmlCacheBehavior [ RunTime:0.000144s ]
INFO: [ view_filter ] --END-- [ RunTime:0.000167s ]
INFO: [ app_end ] --START--
INFO: Run Behavior\ShowPageTraceBehavior [ RunTime:0.000327s ]
INFO: [ app_end ] --END-- [ RunTime:0.000356s ]

